  main.cpp
E:\Informatica\GitHubRepos\SpaceSurvivor\SpaceSurvivor\main.cpp(27,65): warning C4244: 'argomento': conversione da 'T' a 'T'. Possibile perdita di dati.
E:\Informatica\GitHubRepos\SpaceSurvivor\SpaceSurvivor\main.cpp(27,65): warning C4244:         with
E:\Informatica\GitHubRepos\SpaceSurvivor\SpaceSurvivor\main.cpp(27,65): warning C4244:         [
E:\Informatica\GitHubRepos\SpaceSurvivor\SpaceSurvivor\main.cpp(27,65): warning C4244:             T=unsigned int
E:\Informatica\GitHubRepos\SpaceSurvivor\SpaceSurvivor\main.cpp(27,65): warning C4244:         ]
E:\Informatica\GitHubRepos\SpaceSurvivor\SpaceSurvivor\main.cpp(27,65): warning C4244:         and
E:\Informatica\GitHubRepos\SpaceSurvivor\SpaceSurvivor\main.cpp(27,65): warning C4244:         [
E:\Informatica\GitHubRepos\SpaceSurvivor\SpaceSurvivor\main.cpp(27,65): warning C4244:             T=float
E:\Informatica\GitHubRepos\SpaceSurvivor\SpaceSurvivor\main.cpp(27,65): warning C4244:         ]
E:\Informatica\GitHubRepos\SpaceSurvivor\SpaceSurvivor\main.cpp(27,45): warning C4244: 'argomento': conversione da 'T' a 'T'. Possibile perdita di dati.
E:\Informatica\GitHubRepos\SpaceSurvivor\SpaceSurvivor\main.cpp(27,45): warning C4244:         with
E:\Informatica\GitHubRepos\SpaceSurvivor\SpaceSurvivor\main.cpp(27,45): warning C4244:         [
E:\Informatica\GitHubRepos\SpaceSurvivor\SpaceSurvivor\main.cpp(27,45): warning C4244:             T=unsigned int
E:\Informatica\GitHubRepos\SpaceSurvivor\SpaceSurvivor\main.cpp(27,45): warning C4244:         ]
E:\Informatica\GitHubRepos\SpaceSurvivor\SpaceSurvivor\main.cpp(27,45): warning C4244:         and
E:\Informatica\GitHubRepos\SpaceSurvivor\SpaceSurvivor\main.cpp(27,45): warning C4244:         [
E:\Informatica\GitHubRepos\SpaceSurvivor\SpaceSurvivor\main.cpp(27,45): warning C4244:             T=float
E:\Informatica\GitHubRepos\SpaceSurvivor\SpaceSurvivor\main.cpp(27,45): warning C4244:         ]
E:\Informatica\GitHubRepos\SpaceSurvivor\SpaceSurvivor\main.cpp(81,95): warning C4244: 'argomento': conversione da 'T' a 'T'. Possibile perdita di dati.
E:\Informatica\GitHubRepos\SpaceSurvivor\SpaceSurvivor\main.cpp(81,95): warning C4244:         with
E:\Informatica\GitHubRepos\SpaceSurvivor\SpaceSurvivor\main.cpp(81,95): warning C4244:         [
E:\Informatica\GitHubRepos\SpaceSurvivor\SpaceSurvivor\main.cpp(81,95): warning C4244:             T=int
E:\Informatica\GitHubRepos\SpaceSurvivor\SpaceSurvivor\main.cpp(81,95): warning C4244:         ]
E:\Informatica\GitHubRepos\SpaceSurvivor\SpaceSurvivor\main.cpp(81,95): warning C4244:         and
E:\Informatica\GitHubRepos\SpaceSurvivor\SpaceSurvivor\main.cpp(81,95): warning C4244:         [
E:\Informatica\GitHubRepos\SpaceSurvivor\SpaceSurvivor\main.cpp(81,95): warning C4244:             T=float
E:\Informatica\GitHubRepos\SpaceSurvivor\SpaceSurvivor\main.cpp(81,95): warning C4244:         ]
E:\Informatica\GitHubRepos\SpaceSurvivor\SpaceSurvivor\main.cpp(81,61): warning C4244: 'argomento': conversione da 'T' a 'T'. Possibile perdita di dati.
E:\Informatica\GitHubRepos\SpaceSurvivor\SpaceSurvivor\main.cpp(81,61): warning C4244:         with
E:\Informatica\GitHubRepos\SpaceSurvivor\SpaceSurvivor\main.cpp(81,61): warning C4244:         [
E:\Informatica\GitHubRepos\SpaceSurvivor\SpaceSurvivor\main.cpp(81,61): warning C4244:             T=int
E:\Informatica\GitHubRepos\SpaceSurvivor\SpaceSurvivor\main.cpp(81,61): warning C4244:         ]
E:\Informatica\GitHubRepos\SpaceSurvivor\SpaceSurvivor\main.cpp(81,61): warning C4244:         and
E:\Informatica\GitHubRepos\SpaceSurvivor\SpaceSurvivor\main.cpp(81,61): warning C4244:         [
E:\Informatica\GitHubRepos\SpaceSurvivor\SpaceSurvivor\main.cpp(81,61): warning C4244:             T=float
E:\Informatica\GitHubRepos\SpaceSurvivor\SpaceSurvivor\main.cpp(81,61): warning C4244:         ]
E:\Informatica\GitHubRepos\SpaceSurvivor\SpaceSurvivor\main.cpp(87,65): warning C4244: 'argomento': conversione da 'T' a 'T'. Possibile perdita di dati.
E:\Informatica\GitHubRepos\SpaceSurvivor\SpaceSurvivor\main.cpp(87,65): warning C4244:         with
E:\Informatica\GitHubRepos\SpaceSurvivor\SpaceSurvivor\main.cpp(87,65): warning C4244:         [
E:\Informatica\GitHubRepos\SpaceSurvivor\SpaceSurvivor\main.cpp(87,65): warning C4244:             T=int
E:\Informatica\GitHubRepos\SpaceSurvivor\SpaceSurvivor\main.cpp(87,65): warning C4244:         ]
E:\Informatica\GitHubRepos\SpaceSurvivor\SpaceSurvivor\main.cpp(87,65): warning C4244:         and
E:\Informatica\GitHubRepos\SpaceSurvivor\SpaceSurvivor\main.cpp(87,65): warning C4244:         [
E:\Informatica\GitHubRepos\SpaceSurvivor\SpaceSurvivor\main.cpp(87,65): warning C4244:             T=float
E:\Informatica\GitHubRepos\SpaceSurvivor\SpaceSurvivor\main.cpp(87,65): warning C4244:         ]
E:\Informatica\GitHubRepos\SpaceSurvivor\SpaceSurvivor\main.cpp(86,65): warning C4244: 'argomento': conversione da 'T' a 'T'. Possibile perdita di dati.
E:\Informatica\GitHubRepos\SpaceSurvivor\SpaceSurvivor\main.cpp(86,65): warning C4244:         with
E:\Informatica\GitHubRepos\SpaceSurvivor\SpaceSurvivor\main.cpp(86,65): warning C4244:         [
E:\Informatica\GitHubRepos\SpaceSurvivor\SpaceSurvivor\main.cpp(86,65): warning C4244:             T=int
E:\Informatica\GitHubRepos\SpaceSurvivor\SpaceSurvivor\main.cpp(86,65): warning C4244:         ]
E:\Informatica\GitHubRepos\SpaceSurvivor\SpaceSurvivor\main.cpp(86,65): warning C4244:         and
E:\Informatica\GitHubRepos\SpaceSurvivor\SpaceSurvivor\main.cpp(86,65): warning C4244:         [
E:\Informatica\GitHubRepos\SpaceSurvivor\SpaceSurvivor\main.cpp(86,65): warning C4244:             T=float
E:\Informatica\GitHubRepos\SpaceSurvivor\SpaceSurvivor\main.cpp(86,65): warning C4244:         ]
E:\Informatica\GitHubRepos\SpaceSurvivor\SpaceSurvivor\main.cpp(114,20): warning C4267: 'inizializzazione': conversione da 'size_t' a 'int'. Possibile perdita di dati.
  SpaceSurvivor.vcxproj -> E:\Informatica\GitHubRepos\SpaceSurvivor\SpaceSurvivor\x64\Debug\SpaceSurvivor.exe
